TN:
SF:src\config\upload.ts
FN:11,filename
FNF:1
FNH:0
FNDA:0,filename
DA:1,1
DA:2,1
DA:3,1
DA:4,1
DA:5,1
DA:6,1
DA:7,1
DA:8,1
DA:9,1
DA:10,1
DA:11,1
DA:12,0
DA:13,0
DA:14,0
DA:15,0
DA:16,1
DA:17,1
DA:18,1
LF:18
LH:14
BRF:0
BRH:0
end_of_record
TN:
SF:src\routes\index.ts
FN:60,oo_cm
FN:60,oo_oo
FN:60,oo_tr
FN:60,oo_ts
FN:60,oo_te
FNF:5
FNH:5
FNDA:1,oo_cm
FNDA:1,oo_oo
FNDA:1,oo_tr
FNDA:1,oo_ts
FNDA:1,oo_te
DA:1,1
DA:2,1
DA:3,1
DA:4,1
DA:5,1
DA:6,1
DA:7,1
DA:8,1
DA:9,1
DA:10,1
DA:11,1
DA:12,1
DA:13,1
DA:14,0
DA:15,0
DA:16,0
DA:17,0
DA:18,0
DA:19,0
DA:20,0
DA:21,0
DA:22,0
DA:23,1
DA:24,1
DA:25,1
DA:26,0
DA:27,0
DA:28,0
DA:29,0
DA:30,0
DA:31,0
DA:32,0
DA:33,0
DA:34,0
DA:35,1
DA:36,1
DA:37,1
DA:38,1
DA:39,1
DA:40,0
DA:41,0
DA:42,0
DA:43,0
DA:44,0
DA:45,0
DA:46,0
DA:47,0
DA:48,0
DA:49,0
DA:50,1
DA:51,1
DA:52,1
DA:53,1
DA:54,1
DA:55,1
DA:56,1
DA:57,1
DA:58,1
DA:59,1
DA:60,1
LF:60
LH:32
BRF:0
BRH:0
end_of_record
TN:
SF:src\services\DeleteImagesService.ts
FN:3,DeleteImagesService
FN:4,Object.<anonymous>.DeleteImagesService.execute
FNF:2
FNH:2
FNDA:2,DeleteImagesService
FNDA:2,Object.<anonymous>.DeleteImagesService.execute
DA:1,1
DA:2,1
DA:3,2
DA:4,2
DA:5,2
DA:6,2
DA:7,2
DA:8,2
DA:9,2
DA:10,1
DA:11,1
LF:11
LH:11
BRDA:3,0,0,2
BRDA:3,1,0,2
BRDA:4,2,0,2
BRF:3
BRH:3
end_of_record
TN:
SF:src\services\GetImageService.ts
FN:3,GetImagesService
FN:4,Object.<anonymous>.GetImagesService.execute
FNF:2
FNH:2
FNDA:2,GetImagesService
FNDA:2,Object.<anonymous>.GetImagesService.execute
DA:1,1
DA:2,1
DA:3,2
DA:4,2
DA:5,2
DA:6,2
DA:7,2
DA:8,2
DA:9,2
DA:10,1
DA:11,1
LF:11
LH:11
BRDA:3,0,0,2
BRDA:3,1,0,2
BRDA:4,2,0,2
BRDA:7,3,0,2
BRF:4
BRH:4
end_of_record
TN:
SF:src\services\UploadImagesService.ts
FN:3,UploadImagesService
FN:4,Object.<anonymous>.UploadImagesService.execute
FNF:2
FNH:2
FNDA:2,UploadImagesService
FNDA:2,Object.<anonymous>.UploadImagesService.execute
DA:1,1
DA:2,1
DA:3,2
DA:4,2
DA:5,2
DA:6,2
DA:7,2
DA:8,2
DA:9,2
DA:10,1
DA:11,1
LF:11
LH:11
BRDA:3,0,0,2
BRDA:3,1,0,2
BRDA:4,2,0,2
BRF:3
BRH:3
end_of_record
TN:
SF:src\utils\StorageS3.ts
FN:13,StorageS3
FN:19,Object.<anonymous>.StorageS3.saveFile
FN:40,Object.<anonymous>.StorageS3.deleteFile
FN:49,Object.<anonymous>.StorageS3.getObjectSignedUrl
FNF:4
FNH:0
FNDA:0,StorageS3
FNDA:0,Object.<anonymous>.StorageS3.saveFile
FNDA:0,Object.<anonymous>.StorageS3.deleteFile
FNDA:0,Object.<anonymous>.StorageS3.getObjectSignedUrl
DA:1,1
DA:2,1
DA:3,1
DA:4,1
DA:5,1
DA:6,1
DA:7,1
DA:8,1
DA:9,6
DA:10,6
DA:11,6
DA:12,6
DA:13,6
DA:14,0
DA:15,0
DA:16,0
DA:17,0
DA:18,6
DA:19,6
DA:20,0
DA:21,0
DA:22,0
DA:23,0
DA:24,0
DA:25,0
DA:26,0
DA:27,0
DA:28,0
DA:29,0
DA:30,0
DA:31,0
DA:32,0
DA:33,0
DA:34,0
DA:35,0
DA:36,0
DA:37,0
DA:38,0
DA:39,6
DA:40,6
DA:41,0
DA:42,0
DA:43,0
DA:44,0
DA:45,0
DA:46,0
DA:47,0
DA:48,6
DA:49,6
DA:50,0
DA:51,0
DA:52,0
DA:53,0
DA:54,0
DA:55,0
DA:56,0
DA:57,0
DA:58,0
DA:59,0
DA:60,0
DA:61,6
DA:62,1
DA:63,1
LF:63
LH:22
BRDA:9,0,0,6
BRF:1
BRH:1
end_of_record
